<?xml version="1.0" encoding="UTF-8"?>
<!-- Generated by org.testng.reporters.JUnitReportReporter -->
<testsuite hostname="SILICONs-MacBook-Air-2.local" failures="0" tests="1" name="cucumberOptions.TestRunner" time="92.562" errors="0" timestamp="2020-09-19T16:57:55 IST" skipped="0">
  <testcase classname="cucumberOptions.TestRunner" name="feature" time="92.562"/>
</testsuite> <!-- cucumberOptions.TestRunner -->
